<?xml version="1.0" encoding="UTF-8"?>
<!-- Generated by org.testng.reporters.JUnitReportReporter -->
<testsuite skipped="0" hostname="DESKTOP-KAP9CEQ" name="RoundTripFlight.RoundTest" tests="1" failures="0" timestamp="2020-03-03T00:58:36 EET" time="24.972" errors="0">
  <testcase name="f" time="24.972" classname="RoundTripFlight.RoundTest"/>
  <system-out/>
</testsuite> <!-- RoundTripFlight.RoundTest -->
