<?xml version="1.0" encoding="UTF-8"?>
<!-- Generated by org.testng.reporters.JUnitReportReporter -->
<testsuite skipped="0" hostname="DESKTOP-KAP9CEQ" name="roundTest.TestRound" tests="1" failures="0" timestamp="2020-03-08T18:43:07 EET" time="45.224" errors="0">
  <testcase name="test" time="45.224" classname="roundTest.TestRound"/>
  <system-out/>
</testsuite> <!-- roundTest.TestRound -->
