<?xml version="1.0" encoding="UTF-8"?>
<!-- Generated by org.testng.reporters.JUnitReportReporter -->
<testsuite skipped="0" hostname="DESKTOP-KAP9CEQ" name="roundTest.TestRound" tests="1" failures="0" timestamp="2020-03-10T06:18:42 EET" time="29.894" errors="0">
  <testcase name="test" time="29.894" classname="roundTest.TestRound"/>
  <system-out/>
</testsuite> <!-- roundTest.TestRound -->
